  [1m[35m (0.2ms)[0m  [1m[34mSELECT sqlite_version(*)[0m
  [1m[35m (112.6ms)[0m  [1m[35mCREATE TABLE "schema_migrations" ("version" varchar NOT NULL PRIMARY KEY)[0m
  [1m[35m (96.1ms)[0m  [1m[35mCREATE TABLE "ar_internal_metadata" ("key" varchar NOT NULL PRIMARY KEY, "value" varchar, "created_at" datetime NOT NULL, "updated_at" datetime NOT NULL)[0m
  [1m[36mActiveRecord::InternalMetadata Load (0.3ms)[0m  [1m[34mSELECT  "ar_internal_metadata".* FROM "ar_internal_metadata" WHERE "ar_internal_metadata"."key" = ? LIMIT ?[0m  [["key", "environment"], ["LIMIT", 1]]
  [1m[35m (0.1ms)[0m  [1m[36mbegin transaction[0m
  [1m[35mSQL (0.4ms)[0m  [1m[32mINSERT INTO "ar_internal_metadata" ("key", "value", "created_at", "updated_at") VALUES (?, ?, ?, ?)[0m  [["key", "environment"], ["value", "development"], ["created_at", "2019-03-30 01:30:41.471817"], ["updated_at", "2019-03-30 01:30:41.471817"]]
  [1m[35m (86.3ms)[0m  [1m[36mcommit transaction[0m
  [1m[35m (0.2ms)[0m  [1m[34mSELECT "schema_migrations"."version" FROM "schema_migrations" ORDER BY "schema_migrations"."version" ASC[0m
  [1m[36mActiveRecord::InternalMetadata Load (0.4ms)[0m  [1m[34mSELECT  "ar_internal_metadata".* FROM "ar_internal_metadata" WHERE "ar_internal_metadata"."key" = ? LIMIT ?[0m  [["key", "environment"], ["LIMIT", 1]]
  [1m[35m (0.1ms)[0m  [1m[36mbegin transaction[0m
  [1m[35m (0.1ms)[0m  [1m[36mcommit transaction[0m
  [1m[35m (0.2ms)[0m  [1m[34mSELECT "schema_migrations"."version" FROM "schema_migrations" ORDER BY "schema_migrations"."version" ASC[0m
Started GET "/" for ::1 at 2019-03-29 19:47:50 -0600
Processing by Rails::WelcomeController#index as HTML
  Rendering /home/juan/.rbenv/versions/2.5.3/lib/ruby/gems/2.5.0/gems/railties-5.1.7/lib/rails/templates/rails/welcome/index.html.erb
  Rendered /home/juan/.rbenv/versions/2.5.3/lib/ruby/gems/2.5.0/gems/railties-5.1.7/lib/rails/templates/rails/welcome/index.html.erb (5.0ms)
Completed 200 OK in 246ms (Views: 11.0ms)


Started GET "/index" for ::1 at 2019-03-29 19:48:10 -0600
  
ActionController::RoutingError (No route matches [GET] "/index"):
  
actionpack (5.1.7) lib/action_dispatch/middleware/debug_exceptions.rb:63:in `call'
web-console (3.7.0) lib/web_console/middleware.rb:135:in `call_app'
web-console (3.7.0) lib/web_console/middleware.rb:30:in `block in call'
web-console (3.7.0) lib/web_console/middleware.rb:20:in `catch'
web-console (3.7.0) lib/web_console/middleware.rb:20:in `call'
actionpack (5.1.7) lib/action_dispatch/middleware/show_exceptions.rb:31:in `call'
railties (5.1.7) lib/rails/rack/logger.rb:36:in `call_app'
railties (5.1.7) lib/rails/rack/logger.rb:24:in `block in call'
activesupport (5.1.7) lib/active_support/tagged_logging.rb:69:in `block in tagged'
activesupport (5.1.7) lib/active_support/tagged_logging.rb:26:in `tagged'
activesupport (5.1.7) lib/active_support/tagged_logging.rb:69:in `tagged'
railties (5.1.7) lib/rails/rack/logger.rb:24:in `call'
sprockets-rails (3.2.1) lib/sprockets/rails/quiet_assets.rb:13:in `call'
actionpack (5.1.7) lib/action_dispatch/middleware/remote_ip.rb:79:in `call'
actionpack (5.1.7) lib/action_dispatch/middleware/request_id.rb:25:in `call'
rack (2.0.6) lib/rack/method_override.rb:22:in `call'
rack (2.0.6) lib/rack/runtime.rb:22:in `call'
activesupport (5.1.7) lib/active_support/cache/strategy/local_cache_middleware.rb:27:in `call'
actionpack (5.1.7) lib/action_dispatch/middleware/executor.rb:12:in `call'
actionpack (5.1.7) lib/action_dispatch/middleware/static.rb:125:in `call'
rack (2.0.6) lib/rack/sendfile.rb:111:in `call'
railties (5.1.7) lib/rails/engine.rb:522:in `call'
puma (3.12.1) lib/puma/configuration.rb:227:in `call'
puma (3.12.1) lib/puma/server.rb:660:in `handle_request'
puma (3.12.1) lib/puma/server.rb:474:in `process_client'
puma (3.12.1) lib/puma/server.rb:334:in `block in run'
puma (3.12.1) lib/puma/thread_pool.rb:135:in `block in spawn_thread'
Started GET "/" for ::1 at 2019-03-29 20:08:40 -0600
Processing by Rails::WelcomeController#index as HTML
  Rendering /home/juan/.rbenv/versions/2.5.3/lib/ruby/gems/2.5.0/gems/railties-5.1.7/lib/rails/templates/rails/welcome/index.html.erb
  Rendered /home/juan/.rbenv/versions/2.5.3/lib/ruby/gems/2.5.0/gems/railties-5.1.7/lib/rails/templates/rails/welcome/index.html.erb (4.8ms)
Completed 200 OK in 10ms (Views: 8.4ms)


Started GET "/favicon.ico" for ::1 at 2019-03-29 20:08:41 -0600
  
ActionController::RoutingError (No route matches [GET] "/favicon.ico"):
  
actionpack (5.1.7) lib/action_dispatch/middleware/debug_exceptions.rb:63:in `call'
web-console (3.7.0) lib/web_console/middleware.rb:135:in `call_app'
web-console (3.7.0) lib/web_console/middleware.rb:30:in `block in call'
web-console (3.7.0) lib/web_console/middleware.rb:20:in `catch'
web-console (3.7.0) lib/web_console/middleware.rb:20:in `call'
actionpack (5.1.7) lib/action_dispatch/middleware/show_exceptions.rb:31:in `call'
railties (5.1.7) lib/rails/rack/logger.rb:36:in `call_app'
railties (5.1.7) lib/rails/rack/logger.rb:24:in `block in call'
activesupport (5.1.7) lib/active_support/tagged_logging.rb:69:in `block in tagged'
activesupport (5.1.7) lib/active_support/tagged_logging.rb:26:in `tagged'
activesupport (5.1.7) lib/active_support/tagged_logging.rb:69:in `tagged'
railties (5.1.7) lib/rails/rack/logger.rb:24:in `call'
sprockets-rails (3.2.1) lib/sprockets/rails/quiet_assets.rb:13:in `call'
actionpack (5.1.7) lib/action_dispatch/middleware/remote_ip.rb:79:in `call'
actionpack (5.1.7) lib/action_dispatch/middleware/request_id.rb:25:in `call'
rack (2.0.6) lib/rack/method_override.rb:22:in `call'
rack (2.0.6) lib/rack/runtime.rb:22:in `call'
activesupport (5.1.7) lib/active_support/cache/strategy/local_cache_middleware.rb:27:in `call'
actionpack (5.1.7) lib/action_dispatch/middleware/executor.rb:12:in `call'
actionpack (5.1.7) lib/action_dispatch/middleware/static.rb:125:in `call'
rack (2.0.6) lib/rack/sendfile.rb:111:in `call'
railties (5.1.7) lib/rails/engine.rb:522:in `call'
puma (3.12.1) lib/puma/configuration.rb:227:in `call'
puma (3.12.1) lib/puma/server.rb:660:in `handle_request'
puma (3.12.1) lib/puma/server.rb:474:in `process_client'
puma (3.12.1) lib/puma/server.rb:334:in `block in run'
puma (3.12.1) lib/puma/thread_pool.rb:135:in `block in spawn_thread'
Started GET "/nuevo_material" for ::1 at 2019-03-29 20:08:47 -0600
  
ActionController::RoutingError (No route matches [GET] "/nuevo_material"):
  
actionpack (5.1.7) lib/action_dispatch/middleware/debug_exceptions.rb:63:in `call'
web-console (3.7.0) lib/web_console/middleware.rb:135:in `call_app'
web-console (3.7.0) lib/web_console/middleware.rb:30:in `block in call'
web-console (3.7.0) lib/web_console/middleware.rb:20:in `catch'
web-console (3.7.0) lib/web_console/middleware.rb:20:in `call'
actionpack (5.1.7) lib/action_dispatch/middleware/show_exceptions.rb:31:in `call'
railties (5.1.7) lib/rails/rack/logger.rb:36:in `call_app'
railties (5.1.7) lib/rails/rack/logger.rb:24:in `block in call'
activesupport (5.1.7) lib/active_support/tagged_logging.rb:69:in `block in tagged'
activesupport (5.1.7) lib/active_support/tagged_logging.rb:26:in `tagged'
activesupport (5.1.7) lib/active_support/tagged_logging.rb:69:in `tagged'
railties (5.1.7) lib/rails/rack/logger.rb:24:in `call'
sprockets-rails (3.2.1) lib/sprockets/rails/quiet_assets.rb:13:in `call'
actionpack (5.1.7) lib/action_dispatch/middleware/remote_ip.rb:79:in `call'
actionpack (5.1.7) lib/action_dispatch/middleware/request_id.rb:25:in `call'
rack (2.0.6) lib/rack/method_override.rb:22:in `call'
rack (2.0.6) lib/rack/runtime.rb:22:in `call'
activesupport (5.1.7) lib/active_support/cache/strategy/local_cache_middleware.rb:27:in `call'
actionpack (5.1.7) lib/action_dispatch/middleware/executor.rb:12:in `call'
actionpack (5.1.7) lib/action_dispatch/middleware/static.rb:125:in `call'
rack (2.0.6) lib/rack/sendfile.rb:111:in `call'
railties (5.1.7) lib/rails/engine.rb:522:in `call'
puma (3.12.1) lib/puma/configuration.rb:227:in `call'
puma (3.12.1) lib/puma/server.rb:660:in `handle_request'
puma (3.12.1) lib/puma/server.rb:474:in `process_client'
puma (3.12.1) lib/puma/server.rb:334:in `block in run'
puma (3.12.1) lib/puma/thread_pool.rb:135:in `block in spawn_thread'
Started GET "/nuevo_material" for ::1 at 2019-03-29 20:11:33 -0600
  
ArgumentError ('localhost:300' is not a supported controller name. This can lead to potential routing problems. See http://guides.rubyonrails.org/routing.html#specifying-a-controller-to-use):
  
config/routes.rb:3:in `block in <top (required)>'
config/routes.rb:1:in `<top (required)>'
Started GET "/nuevo_material" for ::1 at 2019-03-29 20:11:48 -0600
  
ArgumentError ('localhost:300' is not a supported controller name. This can lead to potential routing problems. See http://guides.rubyonrails.org/routing.html#specifying-a-controller-to-use):
  
config/routes.rb:2:in `block in <top (required)>'
config/routes.rb:1:in `<top (required)>'
Started GET "/nuevo_material" for ::1 at 2019-03-29 20:12:09 -0600
  
ArgumentError ('localhost:3000' is not a supported controller name. This can lead to potential routing problems. See http://guides.rubyonrails.org/routing.html#specifying-a-controller-to-use):
  
config/routes.rb:2:in `block in <top (required)>'
config/routes.rb:1:in `<top (required)>'
Started GET "/nuevo_material" for ::1 at 2019-03-29 20:12:12 -0600
  
ActionController::RoutingError (No route matches [GET] "/nuevo_material"):
  
actionpack (5.1.7) lib/action_dispatch/middleware/debug_exceptions.rb:63:in `call'
web-console (3.7.0) lib/web_console/middleware.rb:135:in `call_app'
web-console (3.7.0) lib/web_console/middleware.rb:30:in `block in call'
web-console (3.7.0) lib/web_console/middleware.rb:20:in `catch'
web-console (3.7.0) lib/web_console/middleware.rb:20:in `call'
actionpack (5.1.7) lib/action_dispatch/middleware/show_exceptions.rb:31:in `call'
railties (5.1.7) lib/rails/rack/logger.rb:36:in `call_app'
railties (5.1.7) lib/rails/rack/logger.rb:24:in `block in call'
activesupport (5.1.7) lib/active_support/tagged_logging.rb:69:in `block in tagged'
activesupport (5.1.7) lib/active_support/tagged_logging.rb:26:in `tagged'
activesupport (5.1.7) lib/active_support/tagged_logging.rb:69:in `tagged'
railties (5.1.7) lib/rails/rack/logger.rb:24:in `call'
sprockets-rails (3.2.1) lib/sprockets/rails/quiet_assets.rb:13:in `call'
actionpack (5.1.7) lib/action_dispatch/middleware/remote_ip.rb:79:in `call'
actionpack (5.1.7) lib/action_dispatch/middleware/request_id.rb:25:in `call'
rack (2.0.6) lib/rack/method_override.rb:22:in `call'
rack (2.0.6) lib/rack/runtime.rb:22:in `call'
activesupport (5.1.7) lib/active_support/cache/strategy/local_cache_middleware.rb:27:in `call'
actionpack (5.1.7) lib/action_dispatch/middleware/executor.rb:12:in `call'
actionpack (5.1.7) lib/action_dispatch/middleware/static.rb:125:in `call'
rack (2.0.6) lib/rack/sendfile.rb:111:in `call'
railties (5.1.7) lib/rails/engine.rb:522:in `call'
puma (3.12.1) lib/puma/configuration.rb:227:in `call'
puma (3.12.1) lib/puma/server.rb:660:in `handle_request'
puma (3.12.1) lib/puma/server.rb:474:in `process_client'
puma (3.12.1) lib/puma/server.rb:334:in `block in run'
puma (3.12.1) lib/puma/thread_pool.rb:135:in `block in spawn_thread'
Started GET "/nuevo_material" for ::1 at 2019-03-29 20:13:15 -0600
  
ArgumentError ('localhost:3000' is not a supported controller name. This can lead to potential routing problems. See http://guides.rubyonrails.org/routing.html#specifying-a-controller-to-use):
  
config/routes.rb:2:in `block in <top (required)>'
config/routes.rb:1:in `<top (required)>'
Started GET "/nuevo_material" for ::1 at 2019-03-29 20:13:27 -0600
  
ActionController::RoutingError (No route matches [GET] "/nuevo_material"):
  
actionpack (5.1.7) lib/action_dispatch/middleware/debug_exceptions.rb:63:in `call'
web-console (3.7.0) lib/web_console/middleware.rb:135:in `call_app'
web-console (3.7.0) lib/web_console/middleware.rb:30:in `block in call'
web-console (3.7.0) lib/web_console/middleware.rb:20:in `catch'
web-console (3.7.0) lib/web_console/middleware.rb:20:in `call'
actionpack (5.1.7) lib/action_dispatch/middleware/show_exceptions.rb:31:in `call'
railties (5.1.7) lib/rails/rack/logger.rb:36:in `call_app'
railties (5.1.7) lib/rails/rack/logger.rb:24:in `block in call'
activesupport (5.1.7) lib/active_support/tagged_logging.rb:69:in `block in tagged'
activesupport (5.1.7) lib/active_support/tagged_logging.rb:26:in `tagged'
activesupport (5.1.7) lib/active_support/tagged_logging.rb:69:in `tagged'
railties (5.1.7) lib/rails/rack/logger.rb:24:in `call'
sprockets-rails (3.2.1) lib/sprockets/rails/quiet_assets.rb:13:in `call'
actionpack (5.1.7) lib/action_dispatch/middleware/remote_ip.rb:79:in `call'
actionpack (5.1.7) lib/action_dispatch/middleware/request_id.rb:25:in `call'
rack (2.0.6) lib/rack/method_override.rb:22:in `call'
rack (2.0.6) lib/rack/runtime.rb:22:in `call'
activesupport (5.1.7) lib/active_support/cache/strategy/local_cache_middleware.rb:27:in `call'
actionpack (5.1.7) lib/action_dispatch/middleware/executor.rb:12:in `call'
actionpack (5.1.7) lib/action_dispatch/middleware/static.rb:125:in `call'
rack (2.0.6) lib/rack/sendfile.rb:111:in `call'
railties (5.1.7) lib/rails/engine.rb:522:in `call'
puma (3.12.1) lib/puma/configuration.rb:227:in `call'
puma (3.12.1) lib/puma/server.rb:660:in `handle_request'
puma (3.12.1) lib/puma/server.rb:474:in `process_client'
puma (3.12.1) lib/puma/server.rb:334:in `block in run'
puma (3.12.1) lib/puma/thread_pool.rb:135:in `block in spawn_thread'
Started GET "/nuevo_material" for ::1 at 2019-03-29 20:13:30 -0600
  
ActionController::RoutingError (No route matches [GET] "/nuevo_material"):
  
actionpack (5.1.7) lib/action_dispatch/middleware/debug_exceptions.rb:63:in `call'
web-console (3.7.0) lib/web_console/middleware.rb:135:in `call_app'
web-console (3.7.0) lib/web_console/middleware.rb:30:in `block in call'
web-console (3.7.0) lib/web_console/middleware.rb:20:in `catch'
web-console (3.7.0) lib/web_console/middleware.rb:20:in `call'
actionpack (5.1.7) lib/action_dispatch/middleware/show_exceptions.rb:31:in `call'
railties (5.1.7) lib/rails/rack/logger.rb:36:in `call_app'
railties (5.1.7) lib/rails/rack/logger.rb:24:in `block in call'
activesupport (5.1.7) lib/active_support/tagged_logging.rb:69:in `block in tagged'
activesupport (5.1.7) lib/active_support/tagged_logging.rb:26:in `tagged'
activesupport (5.1.7) lib/active_support/tagged_logging.rb:69:in `tagged'
railties (5.1.7) lib/rails/rack/logger.rb:24:in `call'
sprockets-rails (3.2.1) lib/sprockets/rails/quiet_assets.rb:13:in `call'
actionpack (5.1.7) lib/action_dispatch/middleware/remote_ip.rb:79:in `call'
actionpack (5.1.7) lib/action_dispatch/middleware/request_id.rb:25:in `call'
rack (2.0.6) lib/rack/method_override.rb:22:in `call'
rack (2.0.6) lib/rack/runtime.rb:22:in `call'
activesupport (5.1.7) lib/active_support/cache/strategy/local_cache_middleware.rb:27:in `call'
actionpack (5.1.7) lib/action_dispatch/middleware/executor.rb:12:in `call'
actionpack (5.1.7) lib/action_dispatch/middleware/static.rb:125:in `call'
rack (2.0.6) lib/rack/sendfile.rb:111:in `call'
railties (5.1.7) lib/rails/engine.rb:522:in `call'
puma (3.12.1) lib/puma/configuration.rb:227:in `call'
puma (3.12.1) lib/puma/server.rb:660:in `handle_request'
puma (3.12.1) lib/puma/server.rb:474:in `process_client'
puma (3.12.1) lib/puma/server.rb:334:in `block in run'
puma (3.12.1) lib/puma/thread_pool.rb:135:in `block in spawn_thread'
Started GET "/nuevo_material/nuevo_material" for ::1 at 2019-03-29 20:19:01 -0600
  
ArgumentError ('localhost:300' is not a supported controller name. This can lead to potential routing problems. See http://guides.rubyonrails.org/routing.html#specifying-a-controller-to-use):
  
config/routes.rb:3:in `block in <top (required)>'
config/routes.rb:1:in `<top (required)>'
Started GET "/welcome/n_product" for ::1 at 2019-03-29 20:20:25 -0600
Processing by WelcomeController#n_product as HTML
  Rendering welcome/n_product.html.erb within layouts/application
  Rendered welcome/n_product.html.erb within layouts/application (0.7ms)
Completed 500 Internal Server Error in 384ms


  
ActionView::Template::Error (require_tree argument must be a directory):
    4:     <title>DespachoArquitectos</title>
    5:     <%= csrf_meta_tags %>
    6: 
    7:     <%= stylesheet_link_tag    'application', media: 'all', 'data-turbolinks-track': 'reload' %>
    8:     <%= javascript_include_tag 'application', 'data-turbolinks-track': 'reload' %>
    9:   </head>
   10: 
  
app/assets/javascripts/cable.js:6
app/views/layouts/application.html.erb:7:in `_app_views_layouts_application_html_erb__1604378598502513917_47440876890960'
Started GET "/welcome/n_product" for ::1 at 2019-03-29 20:23:23 -0600
Processing by WelcomeController#n_product as HTML
  Rendering welcome/n_product.html.erb within layouts/application
  Rendered welcome/n_product.html.erb within layouts/application (0.5ms)
Completed 500 Internal Server Error in 25ms


  
ActionView::Template::Error (require_tree argument must be a directory):
    4:     <title>DespachoArquitectos</title>
    5:     <%= csrf_meta_tags %>
    6: 
    7:     <%= stylesheet_link_tag    'application', media: 'all', 'data-turbolinks-track': 'reload' %>
    8:     <%= javascript_include_tag 'application', 'data-turbolinks-track': 'reload' %>
    9:   </head>
   10: 
  
app/assets/javascripts/cable.js:6
app/views/layouts/application.html.erb:7:in `_app_views_layouts_application_html_erb__1604378598502513917_69930698403840'
Started GET "/welcome/n_product" for ::1 at 2019-03-29 20:24:37 -0600
Processing by WelcomeController#n_product as HTML
  Rendering welcome/n_product.html.erb within layouts/application
  Rendered welcome/n_product.html.erb within layouts/application (0.5ms)
Completed 500 Internal Server Error in 18ms


  
ActionView::Template::Error (require_tree argument must be a directory):
    4:     <title>DespachoArquitectos</title>
    5:     <%= csrf_meta_tags %>
    6: 
    7:     <%= stylesheet_link_tag    'application', media: 'all', 'data-turbolinks-track': 'reload' %>
    8:     <%= javascript_include_tag 'application', 'data-turbolinks-track': 'reload' %>
    9:   </head>
   10: 
  
app/assets/javascripts/cable.js:6
app/views/layouts/application.html.erb:7:in `_app_views_layouts_application_html_erb__1604378598502513917_69930704991140'
Started GET "/favicon.ico" for ::1 at 2019-03-29 20:24:39 -0600
  
ActionController::RoutingError (No route matches [GET] "/favicon.ico"):
  
actionpack (5.1.7) lib/action_dispatch/middleware/debug_exceptions.rb:63:in `call'
web-console (3.7.0) lib/web_console/middleware.rb:135:in `call_app'
web-console (3.7.0) lib/web_console/middleware.rb:30:in `block in call'
web-console (3.7.0) lib/web_console/middleware.rb:20:in `catch'
web-console (3.7.0) lib/web_console/middleware.rb:20:in `call'
actionpack (5.1.7) lib/action_dispatch/middleware/show_exceptions.rb:31:in `call'
railties (5.1.7) lib/rails/rack/logger.rb:36:in `call_app'
railties (5.1.7) lib/rails/rack/logger.rb:24:in `block in call'
activesupport (5.1.7) lib/active_support/tagged_logging.rb:69:in `block in tagged'
activesupport (5.1.7) lib/active_support/tagged_logging.rb:26:in `tagged'
activesupport (5.1.7) lib/active_support/tagged_logging.rb:69:in `tagged'
railties (5.1.7) lib/rails/rack/logger.rb:24:in `call'
sprockets-rails (3.2.1) lib/sprockets/rails/quiet_assets.rb:13:in `call'
actionpack (5.1.7) lib/action_dispatch/middleware/remote_ip.rb:79:in `call'
actionpack (5.1.7) lib/action_dispatch/middleware/request_id.rb:25:in `call'
rack (2.0.6) lib/rack/method_override.rb:22:in `call'
rack (2.0.6) lib/rack/runtime.rb:22:in `call'
activesupport (5.1.7) lib/active_support/cache/strategy/local_cache_middleware.rb:27:in `call'
actionpack (5.1.7) lib/action_dispatch/middleware/executor.rb:12:in `call'
actionpack (5.1.7) lib/action_dispatch/middleware/static.rb:125:in `call'
rack (2.0.6) lib/rack/sendfile.rb:111:in `call'
railties (5.1.7) lib/rails/engine.rb:522:in `call'
puma (3.12.1) lib/puma/configuration.rb:227:in `call'
puma (3.12.1) lib/puma/server.rb:660:in `handle_request'
puma (3.12.1) lib/puma/server.rb:474:in `process_client'
puma (3.12.1) lib/puma/server.rb:334:in `block in run'
puma (3.12.1) lib/puma/thread_pool.rb:135:in `block in spawn_thread'
Started GET "/welcome/n_product" for ::1 at 2019-03-29 20:27:42 -0600
Processing by WelcomeController#n_product as HTML
  Rendering welcome/n_product.html.erb within layouts/application
  Rendered welcome/n_product.html.erb within layouts/application (0.6ms)
Completed 500 Internal Server Error in 22ms


  
ActionView::Template::Error (require_tree argument must be a directory):
    4:     <title>DespachoArquitectos</title>
    5:     <%= csrf_meta_tags %>
    6: 
    7:     <%= stylesheet_link_tag    'application', media: 'all', 'data-turbolinks-track': 'reload' %>
    8:     <%= javascript_include_tag 'application', 'data-turbolinks-track': 'reload' %>
    9:   </head>
   10: 
  
app/assets/javascripts/cable.js:6
app/views/layouts/application.html.erb:7:in `_app_views_layouts_application_html_erb__1604378598502513917_69930524296600'
Started GET "/welcome/n_product" for ::1 at 2019-03-29 20:27:45 -0600
Processing by WelcomeController#n_product as HTML
  Rendering welcome/n_product.html.erb within layouts/application
  Rendered welcome/n_product.html.erb within layouts/application (0.6ms)
Completed 500 Internal Server Error in 22ms


  
ActionView::Template::Error (require_tree argument must be a directory):
    4:     <title>DespachoArquitectos</title>
    5:     <%= csrf_meta_tags %>
    6: 
    7:     <%= stylesheet_link_tag    'application', media: 'all', 'data-turbolinks-track': 'reload' %>
    8:     <%= javascript_include_tag 'application', 'data-turbolinks-track': 'reload' %>
    9:   </head>
   10: 
  
app/assets/javascripts/cable.js:6
app/views/layouts/application.html.erb:7:in `_app_views_layouts_application_html_erb__1604378598502513917_69930703688840'
Started GET "/welcome/n_product" for ::1 at 2019-03-29 20:28:25 -0600
Processing by WelcomeController#n_product as HTML
  Rendering welcome/n_product.html.erb within layouts/application
  Rendered welcome/n_product.html.erb within layouts/application (0.5ms)
Completed 500 Internal Server Error in 32ms


  
ActionView::Template::Error (require_tree argument must be a directory):
    4:     <title>DespachoArquitectos</title>
    5:     <%= csrf_meta_tags %>
    6: 
    7:     <%= stylesheet_link_tag    'application', media: 'all', 'data-turbolinks-track': 'reload' %>
    8:     
    9:   </head>
   10: 
  
app/assets/javascripts/cable.js:6
app/views/layouts/application.html.erb:7:in `_app_views_layouts_application_html_erb__1604378598502513917_69930526124700'
Started GET "/welcome/n_product" for ::1 at 2019-03-29 20:28:32 -0600
Processing by WelcomeController#n_product as HTML
  Rendering welcome/n_product.html.erb within layouts/application
  Rendered welcome/n_product.html.erb within layouts/application (0.5ms)
Completed 500 Internal Server Error in 21ms


  
ActionView::Template::Error (require_tree argument must be a directory):
     5:     <%= csrf_meta_tags %>
     6: 
     7:     
     8:     <%= javascript_include_tag 'application', 'data-turbolinks-track': 'reload' %>
     9:   </head>
    10: 
    11:   <body>
  
app/assets/javascripts/cable.js:6
app/views/layouts/application.html.erb:8:in `_app_views_layouts_application_html_erb__1604378598502513917_69930703616380'
Started GET "/welcome/n_product" for ::1 at 2019-03-29 20:28:38 -0600
Processing by WelcomeController#n_product as HTML
  Rendering welcome/n_product.html.erb within layouts/application
  Rendered welcome/n_product.html.erb within layouts/application (0.6ms)
Completed 500 Internal Server Error in 25ms


  
ActionView::Template::Error (require_tree argument must be a directory):
    4:     <title>DespachoArquitectos</title>
    5:     
    6: 
    7:     <%= stylesheet_link_tag    'application', media: 'all', 'data-turbolinks-track': 'reload' %>
    8:     <%= javascript_include_tag 'application', 'data-turbolinks-track': 'reload' %>
    9:   </head>
   10: 
  
app/assets/javascripts/cable.js:6
app/views/layouts/application.html.erb:7:in `_app_views_layouts_application_html_erb__1604378598502513917_69930700821480'
Started GET "/welcome/n_product" for ::1 at 2019-03-29 20:28:46 -0600
Processing by WelcomeController#n_product as HTML
  Rendering welcome/n_product.html.erb within layouts/application
  Rendered welcome/n_product.html.erb within layouts/application (0.6ms)
Completed 200 OK in 10ms (Views: 8.2ms)


Started GET "/n_product" for ::1 at 2019-03-29 20:29:49 -0600
Processing by WelcomeController#n_product as HTML
  Rendering welcome/n_product.html.erb within layouts/application
  Rendered welcome/n_product.html.erb within layouts/application (0.5ms)
Completed 200 OK in 6ms (Views: 4.0ms)


Started GET "/n_product" for ::1 at 2019-03-29 20:29:54 -0600
Processing by WelcomeController#n_product as HTML
  Rendering welcome/n_product.html.erb within layouts/application
  Rendered welcome/n_product.html.erb within layouts/application (0.6ms)
Completed 200 OK in 9ms (Views: 7.2ms)


Started GET "/n_product" for ::1 at 2019-03-29 20:35:44 -0600
Processing by WelcomeController#n_product as HTML
  Rendering welcome/n_product.html.erb within layouts/application
  Rendered welcome/n_product.html.erb within layouts/application (0.7ms)
Completed 200 OK in 9ms (Views: 6.8ms)


Started GET "/n_product" for ::1 at 2019-03-29 20:37:11 -0600
Processing by WelcomeController#n_product as HTML
  Rendering welcome/n_product.html.erb within layouts/application
  Rendered welcome/n_product.html.erb within layouts/application (0.6ms)
Completed 200 OK in 7ms (Views: 5.8ms)


Started GET "/n_product" for ::1 at 2019-03-29 20:37:50 -0600
Processing by WelcomeController#n_product as HTML
  Rendering welcome/n_product.html.erb within layouts/application
  Rendered welcome/n_product.html.erb within layouts/application (0.7ms)
Completed 200 OK in 9ms (Views: 7.2ms)


Started GET "/n_product" for ::1 at 2019-03-29 20:38:19 -0600
Processing by WelcomeController#n_product as HTML
  Rendering welcome/n_product.html.erb within layouts/application
  Rendered welcome/n_product.html.erb within layouts/application (0.6ms)
Completed 200 OK in 7ms (Views: 5.2ms)


Started GET "/n_product" for ::1 at 2019-03-29 20:38:26 -0600
Processing by WelcomeController#n_product as HTML
  Rendering welcome/n_product.html.erb within layouts/application
  Rendered welcome/n_product.html.erb within layouts/application (0.8ms)
Completed 200 OK in 6ms (Views: 4.9ms)


Started GET "/n_product" for ::1 at 2019-03-29 20:38:33 -0600
Processing by WelcomeController#n_product as HTML
  Rendering welcome/n_product.html.erb within layouts/application
  Rendered welcome/n_product.html.erb within layouts/application (0.7ms)
Completed 200 OK in 9ms (Views: 7.2ms)


Started GET "/n_product" for ::1 at 2019-03-29 20:39:23 -0600
Processing by WelcomeController#n_product as HTML
  Rendering welcome/n_product.html.erb within layouts/application
  Rendered welcome/n_product.html.erb within layouts/application (0.6ms)
Completed 200 OK in 7ms (Views: 4.7ms)


Started GET "/n_product" for ::1 at 2019-03-29 20:39:31 -0600
Processing by WelcomeController#n_product as HTML
  Rendering welcome/n_product.html.erb within layouts/application
  Rendered welcome/n_product.html.erb within layouts/application (0.7ms)
Completed 200 OK in 7ms (Views: 5.0ms)


Started GET "/n_product" for ::1 at 2019-03-29 20:48:29 -0600
  
ActionController::RoutingError (undefined local variable or method `params' for main:Object):
  
app/controllers/welcome_controller.rb:5:in `<top (required)>'
Started GET "/n_product" for ::1 at 2019-03-29 20:48:38 -0600
  
ActionController::RoutingError (undefined local variable or method `params' for main:Object):
  
app/controllers/welcome_controller.rb:5:in `<top (required)>'
Started GET "/n_product" for ::1 at 2019-03-29 20:48:51 -0600
  
SyntaxError (/home/juan/Proyecto dolibarr/Despacho-Arquitectos/despacho-arquitectos/app/controllers/welcome_controller.rb:5: syntax error, unexpected '=', expecting end-of-input
=beginNombre = params["NombreM...
^):
  
app/controllers/welcome_controller.rb:5: syntax error, unexpected '=', expecting end-of-input
Started GET "/n_product" for ::1 at 2019-03-29 20:49:23 -0600
  
SyntaxError (/home/juan/Proyecto dolibarr/Despacho-Arquitectos/despacho-arquitectos/app/controllers/welcome_controller.rb:5: syntax error, unexpected '=', expecting end-of-input
=begin=end
^):
  
app/controllers/welcome_controller.rb:5: syntax error, unexpected '=', expecting end-of-input
Started GET "/n_product" for ::1 at 2019-03-29 20:49:26 -0600
  
SyntaxError (/home/juan/Proyecto dolibarr/Despacho-Arquitectos/despacho-arquitectos/app/controllers/welcome_controller.rb:5: syntax error, unexpected '=', expecting end-of-input
=begin=end
^):
  
app/controllers/welcome_controller.rb:5: syntax error, unexpected '=', expecting end-of-input
Started GET "/n_product" for ::1 at 2019-03-29 20:49:49 -0600
Processing by WelcomeController#n_product as HTML
  Rendering welcome/n_product.html.erb within layouts/application
  Rendered welcome/n_product.html.erb within layouts/application (0.6ms)
Completed 200 OK in 9ms (Views: 6.3ms)


